#
# There is insufficient memory for the Java Runtime Environment to continue.
# Native memory allocation (malloc) failed to allocate 751776 bytes for Chunk::new
# Possible reasons:
#   The system is out of physical RAM or swap space
#   The process is running with CompressedOops enabled, and the Java Heap may be blocking the growth of the native heap
# Possible solutions:
#   Reduce memory load on the system
#   Increase physical memory or swap space
#   Check if swap backing store is full
#   Decrease Java heap size (-Xmx/-Xms)
#   Decrease number of Java threads
#   Decrease Java thread stack sizes (-Xss)
#   Set larger code cache with -XX:ReservedCodeCacheSize=
#   JVM is running with Unscaled Compressed Oops mode in which the Java heap is
#     placed in the first 4GB address space. The Java Heap base address is the
#     maximum limit for the native heap growth. Please use -XX:HeapBaseMinAddress
#     to set the Java Heap base and to place the Java Heap above 4GB virtual address.
# This output file may be truncated or incomplete.
#
#  Out of Memory Error (arena.cpp:189), pid=23688, tid=21880
#
# JRE version: OpenJDK Runtime Environment Temurin-17.0.5+8 (17.0.5+8) (build 17.0.5+8)
# Java VM: OpenJDK 64-Bit Server VM Temurin-17.0.5+8 (17.0.5+8, mixed mode, tiered, compressed oops, compressed class ptrs, g1 gc, windows-amd64)
# No core dump will be written. Minidumps are not enabled by default on client versions of Windows
#

---------------  S U M M A R Y ------------

Command Line: -Dfile.encoding=UTF-8 -XX:+ShowCodeDetailsInExceptionMessages com.harshi.seleniumtest.amazon.AmazonLinkVerificationTest

Host: 11th Gen Intel(R) Core(TM) i5-1135G7 @ 2.40GHz, 8 cores, 3G,  Windows 11 , 64 bit Build 22621 (10.0.22621.2428)
Time: Mon Dec 11 17:28:25 2023 India Standard Time elapsed time: 26.003059 seconds (0d 0h 0m 26s)

---------------  T H R E A D  ---------------

Current thread (0x0000022717015e50):  JavaThread "C2 CompilerThread0" daemon [_thread_in_native, id=21880, stack(0x000000c6df700000,0x000000c6df800000)]


Current CompileTask:
C2:  26003 1784       4       java.lang.invoke.MethodType::makeImpl (109 bytes)

Stack: [0x000000c6df700000,0x000000c6df800000]
Native frames: (J=compiled Java code, j=interpreted, Vv=VM code, C=native code)
V  [jvm.dll+0x676b3a]
V  [jvm.dll+0x831444]
V  [jvm.dll+0x832bee]
V  [jvm.dll+0x833253]
V  [jvm.dll+0x244ce5]
V  [jvm.dll+0xabbac]
V  [jvm.dll+0xac17c]
V  [jvm.dll+0x2abd2f]
V  [jvm.dll+0x57d517]
V  [jvm.dll+0x21fd72]
V  [jvm.dll+0x219539]
V  [jvm.dll+0x216e6b]
V  [jvm.dll+0x1a343d]
V  [jvm.dll+0x22698a]
V  [jvm.dll+0x224ac5]
V  [jvm.dll+0x7e727b]
V  [jvm.dll+0x7e17ea]
V  [jvm.dll+0x6759e5]
C  [ucrtbase.dll+0x29363]
C  [KERNEL32.DLL+0x1257d]
C  [ntdll.dll+0x5aa78]


---------------  P R O C E S S  ---------------

Threads class SMR info:
_java_thread_list=0x00000227188beb10, length=21, elements={
0x0000022716564000, 0x0000022716564bb0, 0x000002271659e840, 0x000002271659f100,
0x00000227170114a0, 0x0000022717015260, 0x0000022717015e50, 0x0000022717016800,
0x00000227170179d0, 0x0000022717172560, 0x0000022717170780, 0x00000227177b1ac0,
0x0000022717aef3e0, 0x0000022717aec460, 0x0000022717aec930, 0x0000022717a4c980,
0x0000022717ba27e0, 0x00000227188d55a0, 0x00000227188c70f0, 0x00000227189808f0,
0x0000022718981290
}

Java Threads: ( => current thread )
  0x0000022716564000 JavaThread "Reference Handler" daemon [_thread_blocked, id=24256, stack(0x000000c6df100000,0x000000c6df200000)]
  0x0000022716564bb0 JavaThread "Finalizer" daemon [_thread_blocked, id=20960, stack(0x000000c6df200000,0x000000c6df300000)]
  0x000002271659e840 JavaThread "Signal Dispatcher" daemon [_thread_blocked, id=22432, stack(0x000000c6df300000,0x000000c6df400000)]
  0x000002271659f100 JavaThread "Attach Listener" daemon [_thread_blocked, id=24292, stack(0x000000c6df400000,0x000000c6df500000)]
  0x00000227170114a0 JavaThread "Service Thread" daemon [_thread_blocked, id=3700, stack(0x000000c6df500000,0x000000c6df600000)]
  0x0000022717015260 JavaThread "Monitor Deflation Thread" daemon [_thread_blocked, id=5420, stack(0x000000c6df600000,0x000000c6df700000)]
=>0x0000022717015e50 JavaThread "C2 CompilerThread0" daemon [_thread_in_native, id=21880, stack(0x000000c6df700000,0x000000c6df800000)]
  0x0000022717016800 JavaThread "C1 CompilerThread0" daemon [_thread_blocked, id=24476, stack(0x000000c6df800000,0x000000c6df900000)]
  0x00000227170179d0 JavaThread "Sweeper thread" daemon [_thread_blocked, id=23980, stack(0x000000c6df900000,0x000000c6dfa00000)]
  0x0000022717172560 JavaThread "Notification Thread" daemon [_thread_blocked, id=8076, stack(0x000000c6dfa00000,0x000000c6dfb00000)]
  0x0000022717170780 JavaThread "Common-Cleaner" daemon [_thread_blocked, id=17888, stack(0x000000c6dfc00000,0x000000c6dfd00000)]
  0x00000227177b1ac0 JavaThread "ForkJoinPool.commonPool-worker-1" daemon [_thread_blocked, id=22744, stack(0x000000c6dfd00000,0x000000c6dfe00000)]
  0x0000022717aef3e0 JavaThread "HttpClient-1-SelectorManager" daemon [_thread_in_native, id=23308, stack(0x000000c6dfe00000,0x000000c6dff00000)]
  0x0000022717aec460 JavaThread "External Process Output Forwarder - C:\Users\HARSHITHA\.cache\selenium\geckodriver\win64\0.33.0\geckodriver.exe" [_thread_in_native, id=20208, stack(0x000000c6dff00000,0x000000c6e0000000)]
  0x0000022717aec930 JavaThread "Driver Service Executor" daemon [_thread_blocked, id=17140, stack(0x000000c6e0000000,0x000000c6e0100000)]
  0x0000022717a4c980 JavaThread "Driver Service Executor" daemon [_thread_blocked, id=17056, stack(0x000000c6e0900000,0x000000c6e0a00000)]
  0x0000022717ba27e0 JavaThread "pool-1-thread-1" [_thread_blocked, id=17576, stack(0x000000c6e0b00000,0x000000c6e0c00000)]
  0x00000227188d55a0 JavaThread "pool-1-thread-2" [_thread_blocked, id=20068, stack(0x000000c6e0c00000,0x000000c6e0d00000)]
  0x00000227188c70f0 JavaThread "pool-1-thread-3" [_thread_blocked, id=24556, stack(0x000000c6e0d00000,0x000000c6e0e00000)]
  0x00000227189808f0 JavaThread "HttpClient-2-SelectorManager" daemon [_thread_in_native, id=21660, stack(0x000000c6e0e00000,0x000000c6e0f00000)]
  0x0000022718981290 JavaThread "DestroyJavaVM" [_thread_blocked, id=7500, stack(0x000000c6dea00000,0x000000c6deb00000)]

Other Threads:
  0x000002271655d030 VMThread "VM Thread" [stack: 0x000000c6df000000,0x000000c6df100000] [id=17624]
  0x000002277edb30f0 WatcherThread [stack: 0x000000c6dfb00000,0x000000c6dfc00000] [id=12328]
  0x000002277ed9eb70 GCTaskThread "GC Thread#0" [stack: 0x000000c6deb00000,0x000000c6dec00000] [id=24236]
  0x0000022717b06a00 GCTaskThread "GC Thread#1" [stack: 0x000000c6e0100000,0x000000c6e0200000] [id=22152]
  0x0000022717bddc50 GCTaskThread "GC Thread#2" [stack: 0x000000c6e0200000,0x000000c6e0300000] [id=21176]
  0x0000022717bddf00 GCTaskThread "GC Thread#3" [stack: 0x000000c6e0300000,0x000000c6e0400000] [id=23196]
  0x0000022717b8b650 GCTaskThread "GC Thread#4" [stack: 0x000000c6e0400000,0x000000c6e0500000] [id=23492]
  0x0000022717b8b900 GCTaskThread "GC Thread#5" [stack: 0x000000c6e0500000,0x000000c6e0600000] [id=23228]
  0x0000022717b93bc0 GCTaskThread "GC Thread#6" [stack: 0x000000c6e0600000,0x000000c6e0700000] [id=21052]
  0x0000022717b95e80 GCTaskThread "GC Thread#7" [stack: 0x000000c6e0700000,0x000000c6e0800000] [id=21896]
  0x000002277eda89e0 ConcurrentGCThread "G1 Main Marker" [stack: 0x000000c6dec00000,0x000000c6ded00000] [id=156]
  0x000002277eda93f0 ConcurrentGCThread "G1 Conc#0" [stack: 0x000000c6ded00000,0x000000c6dee00000] [id=15340]
  0x000002277edfca20 ConcurrentGCThread "G1 Refine#0" [stack: 0x000000c6dee00000,0x000000c6def00000] [id=22704]
  0x00000227172e1de0 ConcurrentGCThread "G1 Refine#1" [stack: 0x000000c6e0800000,0x000000c6e0900000] [id=4476]
  0x000002277edfd440 ConcurrentGCThread "G1 Service" [stack: 0x000000c6def00000,0x000000c6df000000] [id=7128]

Threads with active compile tasks:
C2 CompilerThread0    26072 1784       4       java.lang.invoke.MethodType::makeImpl (109 bytes)

VM state: not at safepoint (normal execution)

VM Mutex/Monitor currently owned by a thread: None

Heap address: 0x00000000c4400000, size: 956 MB, Compressed Oops mode: 32-bit

CDS archive(s) not mapped
Compressed class space mapped at: 0x0000000100000000-0x0000000140000000, reserved size: 1073741824
Narrow klass base: 0x0000000000000000, Narrow klass shift: 3, Narrow klass range: 0x140000000

GC Precious Log:
 CPUs: 8 total, 8 available
 Memory: 3818M
 Large Page Support: Disabled
 NUMA Support: Disabled
 Compressed Oops: Enabled (32-bit)
 Heap Region Size: 1M
 Heap Min Capacity: 8M
 Heap Initial Capacity: 60M
 Heap Max Capacity: 956M
 Pre-touch: Disabled
 Parallel Workers: 8
 Concurrent Workers: 2
 Concurrent Refinement Workers: 8
 Periodic GC: Disabled

Heap:
 garbage-first heap   total 61440K, used 20055K [0x00000000c4400000, 0x0000000100000000)
  region size 1024K, 19 young (19456K), 3 survivors (3072K)
 Metaspace       used 20626K, committed 20928K, reserved 1073152K
  class space    used 2260K, committed 2432K, reserved 1048576K

Heap Regions: E=young(eden), S=young(survivor), O=old, HS=humongous(starts), HC=humongous(continues), CS=collection set, F=free, OA=open archive, CA=closed archive, TAMS=top-at-mark-start (previous, next)
|   0|0x00000000c4400000, 0x00000000c4500000, 0x00000000c4500000|100%| O|  |TAMS 0x00000000c4400000, 0x00000000c4400000| Untracked 
|   1|0x00000000c4500000, 0x00000000c4600000, 0x00000000c4600000|100%| O|  |TAMS 0x00000000c4500000, 0x00000000c4500000| Untracked 
|   2|0x00000000c4600000, 0x00000000c4695e00, 0x00000000c4700000| 58%| O|  |TAMS 0x00000000c4600000, 0x00000000c4600000| Untracked 
|   3|0x00000000c4700000, 0x00000000c4700000, 0x00000000c4800000|  0%| F|  |TAMS 0x00000000c4700000, 0x00000000c4700000| Untracked 
|   4|0x00000000c4800000, 0x00000000c4800000, 0x00000000c4900000|  0%| F|  |TAMS 0x00000000c4800000, 0x00000000c4800000| Untracked 
|   5|0x00000000c4900000, 0x00000000c4900000, 0x00000000c4a00000|  0%| F|  |TAMS 0x00000000c4900000, 0x00000000c4900000| Untracked 
|   6|0x00000000c4a00000, 0x00000000c4a00000, 0x00000000c4b00000|  0%| F|  |TAMS 0x00000000c4a00000, 0x00000000c4a00000| Untracked 
|   7|0x00000000c4b00000, 0x00000000c4b00000, 0x00000000c4c00000|  0%| F|  |TAMS 0x00000000c4b00000, 0x00000000c4b00000| Untracked 
|   8|0x00000000c4c00000, 0x00000000c4c00000, 0x00000000c4d00000|  0%| F|  |TAMS 0x00000000c4c00000, 0x00000000c4c00000| Untracked 
|   9|0x00000000c4d00000, 0x00000000c4d00000, 0x00000000c4e00000|  0%| F|  |TAMS 0x00000000c4d00000, 0x00000000c4d00000| Untracked 
|  10|0x00000000c4e00000, 0x00000000c4e00000, 0x00000000c4f00000|  0%| F|  |TAMS 0x00000000c4e00000, 0x00000000c4e00000| Untracked 
|  11|0x00000000c4f00000, 0x00000000c4f00000, 0x00000000c5000000|  0%| F|  |TAMS 0x00000000c4f00000, 0x00000000c4f00000| Untracked 
|  12|0x00000000c5000000, 0x00000000c5000000, 0x00000000c5100000|  0%| F|  |TAMS 0x00000000c5000000, 0x00000000c5000000| Untracked 
|  13|0x00000000c5100000, 0x00000000c5100000, 0x00000000c5200000|  0%| F|  |TAMS 0x00000000c5100000, 0x00000000c5100000| Untracked 
|  14|0x00000000c5200000, 0x00000000c5200000, 0x00000000c5300000|  0%| F|  |TAMS 0x00000000c5200000, 0x00000000c5200000| Untracked 
|  15|0x00000000c5300000, 0x00000000c5300000, 0x00000000c5400000|  0%| F|  |TAMS 0x00000000c5300000, 0x00000000c5300000| Untracked 
|  16|0x00000000c5400000, 0x00000000c5400000, 0x00000000c5500000|  0%| F|  |TAMS 0x00000000c5400000, 0x00000000c5400000| Untracked 
|  17|0x00000000c5500000, 0x00000000c5500000, 0x00000000c5600000|  0%| F|  |TAMS 0x00000000c5500000, 0x00000000c5500000| Untracked 
|  18|0x00000000c5600000, 0x00000000c5600000, 0x00000000c5700000|  0%| F|  |TAMS 0x00000000c5600000, 0x00000000c5600000| Untracked 
|  19|0x00000000c5700000, 0x00000000c5700000, 0x00000000c5800000|  0%| F|  |TAMS 0x00000000c5700000, 0x00000000c5700000| Untracked 
|  20|0x00000000c5800000, 0x00000000c5800000, 0x00000000c5900000|  0%| F|  |TAMS 0x00000000c5800000, 0x00000000c5800000| Untracked 
|  21|0x00000000c5900000, 0x00000000c5900000, 0x00000000c5a00000|  0%| F|  |TAMS 0x00000000c5900000, 0x00000000c5900000| Untracked 
|  22|0x00000000c5a00000, 0x00000000c5a00000, 0x00000000c5b00000|  0%| F|  |TAMS 0x00000000c5a00000, 0x00000000c5a00000| Untracked 
|  23|0x00000000c5b00000, 0x00000000c5b00000, 0x00000000c5c00000|  0%| F|  |TAMS 0x00000000c5b00000, 0x00000000c5b00000| Untracked 
|  24|0x00000000c5c00000, 0x00000000c5c00000, 0x00000000c5d00000|  0%| F|  |TAMS 0x00000000c5c00000, 0x00000000c5c00000| Untracked 
|  25|0x00000000c5d00000, 0x00000000c5d00000, 0x00000000c5e00000|  0%| F|  |TAMS 0x00000000c5d00000, 0x00000000c5d00000| Untracked 
|  26|0x00000000c5e00000, 0x00000000c5e00000, 0x00000000c5f00000|  0%| F|  |TAMS 0x00000000c5e00000, 0x00000000c5e00000| Untracked 
|  27|0x00000000c5f00000, 0x00000000c5f00000, 0x00000000c6000000|  0%| F|  |TAMS 0x00000000c5f00000, 0x00000000c5f00000| Untracked 
|  28|0x00000000c6000000, 0x00000000c6000000, 0x00000000c6100000|  0%| F|  |TAMS 0x00000000c6000000, 0x00000000c6000000| Untracked 
|  29|0x00000000c6100000, 0x00000000c6100000, 0x00000000c6200000|  0%| F|  |TAMS 0x00000000c6100000, 0x00000000c6100000| Untracked 
|  30|0x00000000c6200000, 0x00000000c6200000, 0x00000000c6300000|  0%| F|  |TAMS 0x00000000c6200000, 0x00000000c6200000| Untracked 
|  31|0x00000000c6300000, 0x00000000c6300000, 0x00000000c6400000|  0%| F|  |TAMS 0x00000000c6300000, 0x00000000c6300000| Untracked 
|  32|0x00000000c6400000, 0x00000000c6400000, 0x00000000c6500000|  0%| F|  |TAMS 0x00000000c6400000, 0x00000000c6400000| Untracked 
|  33|0x00000000c6500000, 0x00000000c6500000, 0x00000000c6600000|  0%| F|  |TAMS 0x00000000c6500000, 0x00000000c6500000| Untracked 
|  34|0x00000000c6600000, 0x00000000c6700000, 0x00000000c6700000|100%| S|CS|TAMS 0x00000000c6600000, 0x00000000c6600000| Complete 
|  35|0x00000000c6700000, 0x00000000c6800000, 0x00000000c6800000|100%| S|CS|TAMS 0x00000000c6700000, 0x00000000c6700000| Complete 
|  36|0x00000000c6800000, 0x00000000c6900000, 0x00000000c6900000|100%| S|CS|TAMS 0x00000000c6800000, 0x00000000c6800000| Complete 
|  37|0x00000000c6900000, 0x00000000c6900000, 0x00000000c6a00000|  0%| F|  |TAMS 0x00000000c6900000, 0x00000000c6900000| Untracked 
|  38|0x00000000c6a00000, 0x00000000c6a00000, 0x00000000c6b00000|  0%| F|  |TAMS 0x00000000c6a00000, 0x00000000c6a00000| Untracked 
|  39|0x00000000c6b00000, 0x00000000c6b00000, 0x00000000c6c00000|  0%| F|  |TAMS 0x00000000c6b00000, 0x00000000c6b00000| Untracked 
|  40|0x00000000c6c00000, 0x00000000c6c00000, 0x00000000c6d00000|  0%| F|  |TAMS 0x00000000c6c00000, 0x00000000c6c00000| Untracked 
|  41|0x00000000c6d00000, 0x00000000c6d00000, 0x00000000c6e00000|  0%| F|  |TAMS 0x00000000c6d00000, 0x00000000c6d00000| Untracked 
|  42|0x00000000c6e00000, 0x00000000c6e00000, 0x00000000c6f00000|  0%| F|  |TAMS 0x00000000c6e00000, 0x00000000c6e00000| Untracked 
|  43|0x00000000c6f00000, 0x00000000c6f00000, 0x00000000c7000000|  0%| F|  |TAMS 0x00000000c6f00000, 0x00000000c6f00000| Untracked 
|  44|0x00000000c7000000, 0x00000000c708e548, 0x00000000c7100000| 55%| E|  |TAMS 0x00000000c7000000, 0x00000000c7000000| Complete 
|  45|0x00000000c7100000, 0x00000000c7200000, 0x00000000c7200000|100%| E|CS|TAMS 0x00000000c7100000, 0x00000000c7100000| Complete 
|  46|0x00000000c7200000, 0x00000000c7300000, 0x00000000c7300000|100%| E|CS|TAMS 0x00000000c7200000, 0x00000000c7200000| Complete 
|  47|0x00000000c7300000, 0x00000000c7400000, 0x00000000c7400000|100%| E|CS|TAMS 0x00000000c7300000, 0x00000000c7300000| Complete 
|  48|0x00000000c7400000, 0x00000000c7500000, 0x00000000c7500000|100%| E|CS|TAMS 0x00000000c7400000, 0x00000000c7400000| Complete 
|  49|0x00000000c7500000, 0x00000000c7600000, 0x00000000c7600000|100%| E|CS|TAMS 0x00000000c7500000, 0x00000000c7500000| Complete 
|  50|0x00000000c7600000, 0x00000000c7700000, 0x00000000c7700000|100%| E|CS|TAMS 0x00000000c7600000, 0x00000000c7600000| Complete 
|  51|0x00000000c7700000, 0x00000000c7800000, 0x00000000c7800000|100%| E|CS|TAMS 0x00000000c7700000, 0x00000000c7700000| Complete 
|  52|0x00000000c7800000, 0x00000000c7900000, 0x00000000c7900000|100%| E|CS|TAMS 0x00000000c7800000, 0x00000000c7800000| Complete 
|  53|0x00000000c7900000, 0x00000000c7a00000, 0x00000000c7a00000|100%| E|  |TAMS 0x00000000c7900000, 0x00000000c7900000| Complete 
|  54|0x00000000c7a00000, 0x00000000c7b00000, 0x00000000c7b00000|100%| E|CS|TAMS 0x00000000c7a00000, 0x00000000c7a00000| Complete 
|  55|0x00000000c7b00000, 0x00000000c7c00000, 0x00000000c7c00000|100%| E|CS|TAMS 0x00000000c7b00000, 0x00000000c7b00000| Complete 
|  56|0x00000000c7c00000, 0x00000000c7d00000, 0x00000000c7d00000|100%| E|CS|TAMS 0x00000000c7c00000, 0x00000000c7c00000| Complete 
|  57|0x00000000c7d00000, 0x00000000c7e00000, 0x00000000c7e00000|100%| E|CS|TAMS 0x00000000c7d00000, 0x00000000c7d00000| Complete 
|  58|0x00000000c7e00000, 0x00000000c7f00000, 0x00000000c7f00000|100%| E|CS|TAMS 0x00000000c7e00000, 0x00000000c7e00000| Complete 
|  59|0x00000000c7f00000, 0x00000000c8000000, 0x00000000c8000000|100%| E|CS|TAMS 0x00000000c7f00000, 0x00000000c7f00000| Complete 

Card table byte_map: [0x000002277f320000,0x000002277f500000] _byte_map_base: 0x000002277ecfe000

Marking Bits (Prev, Next): (CMBitMap*) 0x000002277ed9f180, (CMBitMap*) 0x000002277ed9f1c0
 Prev Bits: [0x00000227125f0000, 0x00000227134e0000)
 Next Bits: [0x00000227134e0000, 0x00000227143d0000)

Polling page: 0x000002277cc90000

Metaspace:

Usage:
  Non-class:     17.94 MB used.
      Class:      2.21 MB used.
       Both:     20.14 MB used.

Virtual space:
  Non-class space:       24.00 MB reserved,      18.06 MB ( 75%) committed,  3 nodes.
      Class space:        1.00 GB reserved,       2.38 MB ( <1%) committed,  1 nodes.
             Both:        1.02 GB reserved,      20.44 MB (  2%) committed. 

Chunk freelists:
   Non-Class:  1.63 MB
       Class:  1.66 MB
        Both:  3.29 MB

MaxMetaspaceSize: unlimited
CompressedClassSpaceSize: 1.00 GB
Initial GC threshold: 21.00 MB
Current GC threshold: 21.00 MB
CDS: off
MetaspaceReclaimPolicy: balanced
 - commit_granule_bytes: 65536.
 - commit_granule_words: 8192.
 - virtual_space_node_default_size: 1048576.
 - enlarge_chunks_in_place: 1.
 - new_chunks_are_fully_committed: 0.
 - uncommit_free_chunks: 1.
 - use_allocation_guard: 0.
 - handle_deallocations: 1.


Internal statistics:

num_allocs_failed_limit: 0.
num_arena_births: 214.
num_arena_deaths: 0.
num_vsnodes_births: 4.
num_vsnodes_deaths: 0.
num_space_committed: 327.
num_space_uncommitted: 0.
num_chunks_returned_to_freelist: 0.
num_chunks_taken_from_freelist: 534.
num_chunk_merges: 0.
num_chunk_splits: 304.
num_chunks_enlarged: 203.
num_purges: 0.
num_inconsistent_stats: 0.

CodeHeap 'non-profiled nmethods': size=120000Kb used=562Kb max_used=562Kb free=119437Kb
 bounds [0x000002270b0c0000, 0x000002270b330000, 0x00000227125f0000]
CodeHeap 'profiled nmethods': size=120000Kb used=3408Kb max_used=3408Kb free=116591Kb
 bounds [0x0000022703b90000, 0x0000022703ef0000, 0x000002270b0c0000]
CodeHeap 'non-nmethods': size=5760Kb used=1232Kb max_used=1244Kb free=4528Kb
 bounds [0x00000227035f0000, 0x0000022703860000, 0x0000022703b90000]
 total_blobs=2325 nmethods=1805 adapters=432
 compilation: enabled
              stopped_count=0, restarted_count=0
 full_count=0

Compilation events (20 events):
Event: 25.951 Thread 0x0000022717016800 1802       3       java.lang.invoke.InvokerBytecodeGenerator::emitPushArguments (45 bytes)
Event: 25.952 Thread 0x0000022717016800 nmethod 1802 0x0000022703edd790 code [0x0000022703edd980, 0x0000022703edddf8]
Event: 25.952 Thread 0x0000022717016800 1799       3       java.lang.invoke.InvokerBytecodeGenerator::isStaticallyInvocable (165 bytes)
Event: 25.956 Thread 0x0000022717016800 nmethod 1799 0x0000022703ede090 code [0x0000022703ede4c0, 0x0000022703ee01c8]
Event: 25.956 Thread 0x0000022717016800 1800       3       java.lang.invoke.MemberName::isPrivate (8 bytes)
Event: 25.956 Thread 0x0000022717016800 nmethod 1800 0x0000022703ee0990 code [0x0000022703ee0b20, 0x0000022703ee0cf8]
Event: 25.956 Thread 0x0000022717016800 1801       3       java.lang.invoke.InvokerBytecodeGenerator::emitStaticInvoke (258 bytes)
Event: 25.959 Thread 0x0000022717016800 nmethod 1801 0x0000022703ee0d90 code [0x0000022703ee10a0, 0x0000022703ee2008]
Event: 25.959 Thread 0x0000022717016800 1804       3       java.lang.invoke.InvokerBytecodeGenerator::emitStoreInsn (21 bytes)
Event: 25.960 Thread 0x0000022717016800 nmethod 1804 0x0000022703ee2610 code [0x0000022703ee27c0, 0x0000022703ee2a18]
Event: 25.960 Thread 0x0000022717016800 1797       3       java.lang.invoke.MethodHandle::intrinsicName (4 bytes)
Event: 25.960 Thread 0x0000022717016800 nmethod 1797 0x0000022703ee2b90 code [0x0000022703ee2d20, 0x0000022703ee2e38]
Event: 25.963 Thread 0x0000022717016800 1805       3       java.util.Collection::stream (11 bytes)
Event: 25.963 Thread 0x0000022717016800 nmethod 1805 0x0000022703ee2f10 code [0x0000022703ee30c0, 0x0000022703ee32b8]
Event: 25.964 Thread 0x0000022717016800 1806       3       java.util.stream.ReferencePipeline::<init> (7 bytes)
Event: 25.965 Thread 0x0000022717016800 nmethod 1806 0x0000022703ee3390 code [0x0000022703ee3520, 0x0000022703ee3668]
Event: 25.967 Thread 0x0000022717016800 1807       3       jdk.internal.misc.VM::isModuleSystemInited (13 bytes)
Event: 25.967 Thread 0x0000022717016800 nmethod 1807 0x0000022703ee3710 code [0x0000022703ee38a0, 0x0000022703ee3a58]
Event: 25.971 Thread 0x0000022717016800 1808       3       java.nio.CharBuffer::arrayOffset (35 bytes)
Event: 25.971 Thread 0x0000022717016800 nmethod 1808 0x0000022703ee3b10 code [0x0000022703ee3ce0, 0x0000022703ee3fb8]

GC Heap History (2 events):
Event: 3.186 GC heap before
{Heap before GC invocations=0 (full 0):
 garbage-first heap   total 61440K, used 22528K [0x00000000c4400000, 0x0000000100000000)
  region size 1024K, 23 young (23552K), 0 survivors (0K)
 Metaspace       used 16834K, committed 17024K, reserved 1064960K
  class space    used 1715K, committed 1792K, reserved 1048576K
}
Event: 3.199 GC heap after
{Heap after GC invocations=1 (full 0):
 garbage-first heap   total 61440K, used 5719K [0x00000000c4400000, 0x0000000100000000)
  region size 1024K, 3 young (3072K), 3 survivors (3072K)
 Metaspace       used 16834K, committed 17024K, reserved 1064960K
  class space    used 1715K, committed 1792K, reserved 1048576K
}

Dll operation events (7 events):
Event: 0.037 Loaded shared library C:\Users\HARSHITHA\Downloads\eclipse-jee-2022-12-R-win32-x86_64 (1)\eclipse\plugins\org.eclipse.justj.openjdk.hotspot.jre.full.win32.x86_64_17.0.5.v20221102-0933\jre\bin\java.dll
Event: 0.227 Loaded shared library C:\Users\HARSHITHA\Downloads\eclipse-jee-2022-12-R-win32-x86_64 (1)\eclipse\plugins\org.eclipse.justj.openjdk.hotspot.jre.full.win32.x86_64_17.0.5.v20221102-0933\jre\bin\verify.dll
Event: 0.246 Loaded shared library C:\Users\HARSHITHA\Downloads\eclipse-jee-2022-12-R-win32-x86_64 (1)\eclipse\plugins\org.eclipse.justj.openjdk.hotspot.jre.full.win32.x86_64_17.0.5.v20221102-0933\jre\bin\net.dll
Event: 0.250 Loaded shared library C:\Users\HARSHITHA\Downloads\eclipse-jee-2022-12-R-win32-x86_64 (1)\eclipse\plugins\org.eclipse.justj.openjdk.hotspot.jre.full.win32.x86_64_17.0.5.v20221102-0933\jre\bin\nio.dll
Event: 0.262 Loaded shared library C:\Users\HARSHITHA\Downloads\eclipse-jee-2022-12-R-win32-x86_64 (1)\eclipse\plugins\org.eclipse.justj.openjdk.hotspot.jre.full.win32.x86_64_17.0.5.v20221102-0933\jre\bin\zip.dll
Event: 0.482 Loaded shared library C:\Users\HARSHITHA\Downloads\eclipse-jee-2022-12-R-win32-x86_64 (1)\eclipse\plugins\org.eclipse.justj.openjdk.hotspot.jre.full.win32.x86_64_17.0.5.v20221102-0933\jre\bin\jimage.dll
Event: 3.035 Loaded shared library C:\Users\HARSHITHA\Downloads\eclipse-jee-2022-12-R-win32-x86_64 (1)\eclipse\plugins\org.eclipse.justj.openjdk.hotspot.jre.full.win32.x86_64_17.0.5.v20221102-0933\jre\bin\sunmscapi.dll

Deoptimization events (20 events):
Event: 3.200 Thread 0x000002277cc0cff0 DEOPT PACKING pc=0x000002270b103a2c sp=0x000000c6deafe010
Event: 3.200 Thread 0x000002277cc0cff0 DEOPT UNPACKING pc=0x0000022703645ba3 sp=0x000000c6deafdf70 mode 2
Event: 25.614 Thread 0x000002277cc0cff0 DEOPT PACKING pc=0x0000022703de6577 sp=0x000000c6deafdfe0
Event: 25.614 Thread 0x000002277cc0cff0 DEOPT UNPACKING pc=0x00000227036466e3 sp=0x000000c6deafd440 mode 0
Event: 25.644 Thread 0x000002277cc0cff0 Uncommon trap: trap_request=0xffffffde fr.pc=0x000002270b10ad44 relative=0x00000000000005a4
Event: 25.644 Thread 0x000002277cc0cff0 Uncommon trap: reason=class_check action=maybe_recompile pc=0x000002270b10ad44 method=java.util.HashMap.putVal(ILjava/lang/Object;Ljava/lang/Object;ZZ)Ljava/lang/Object; @ 253 c2
Event: 25.644 Thread 0x000002277cc0cff0 DEOPT PACKING pc=0x000002270b10ad44 sp=0x000000c6deafe680
Event: 25.644 Thread 0x000002277cc0cff0 DEOPT UNPACKING pc=0x0000022703645ba3 sp=0x000000c6deafe620 mode 2
Event: 25.833 Thread 0x00000227189808f0 Uncommon trap: trap_request=0xffffffde fr.pc=0x000002270b10b12c relative=0x000000000000098c
Event: 25.834 Thread 0x00000227189808f0 Uncommon trap: reason=class_check action=maybe_recompile pc=0x000002270b10b12c method=java.util.HashMap.putVal(ILjava/lang/Object;Ljava/lang/Object;ZZ)Ljava/lang/Object; @ 91 c2
Event: 25.834 Thread 0x00000227189808f0 DEOPT PACKING pc=0x000002270b10b12c sp=0x000000c6e0eff1d0
Event: 25.834 Thread 0x00000227189808f0 DEOPT UNPACKING pc=0x0000022703645ba3 sp=0x000000c6e0eff1a0 mode 2
Event: 25.838 Thread 0x00000227189808f0 Uncommon trap: trap_request=0xffffffde fr.pc=0x000002270b10b12c relative=0x000000000000098c
Event: 25.838 Thread 0x00000227189808f0 Uncommon trap: reason=class_check action=maybe_recompile pc=0x000002270b10b12c method=java.util.HashMap.putVal(ILjava/lang/Object;Ljava/lang/Object;ZZ)Ljava/lang/Object; @ 91 c2
Event: 25.838 Thread 0x00000227189808f0 DEOPT PACKING pc=0x000002270b10b12c sp=0x000000c6e0eff1d0
Event: 25.838 Thread 0x00000227189808f0 DEOPT UNPACKING pc=0x0000022703645ba3 sp=0x000000c6e0eff1a0 mode 2
Event: 25.839 Thread 0x00000227189808f0 Uncommon trap: trap_request=0xffffffde fr.pc=0x000002270b10b12c relative=0x000000000000098c
Event: 25.839 Thread 0x00000227189808f0 Uncommon trap: reason=class_check action=maybe_recompile pc=0x000002270b10b12c method=java.util.HashMap.putVal(ILjava/lang/Object;Ljava/lang/Object;ZZ)Ljava/lang/Object; @ 91 c2
Event: 25.839 Thread 0x00000227189808f0 DEOPT PACKING pc=0x000002270b10b12c sp=0x000000c6e0eff1d0
Event: 25.839 Thread 0x00000227189808f0 DEOPT UNPACKING pc=0x0000022703645ba3 sp=0x000000c6e0eff1a0 mode 2

Classes unloaded (0 events):
No events

Classes redefined (0 events):
No events

Internal exceptions (20 events):
Event: 3.302 Thread 0x0000022717aec930 Exception <a 'java/net/ConnectException'{0x00000000c7fae5a8}: Connection refused: no further information> (0x00000000c7fae5a8) 
thrown [s\src\hotspot\share\prims\jni.cpp, line 535]
Event: 3.302 Thread 0x0000022717aec930 Exception <a 'java/net/SocketException'{0x00000000c7fae8e0}: Socket is not connected: shutdown> (0x00000000c7fae8e0) 
thrown [s\src\hotspot\share\prims\jni.cpp, line 535]
Event: 3.302 Thread 0x0000022717aec930 Exception <a 'java/net/ConnectException'{0x00000000c7faf140}: Connection refused: no further information> (0x00000000c7faf140) 
thrown [s\src\hotspot\share\prims\jni.cpp, line 535]
Event: 3.302 Thread 0x0000022717aec930 Exception <a 'java/net/SocketException'{0x00000000c7faf478}: Socket is not connected: shutdown> (0x00000000c7faf478) 
thrown [s\src\hotspot\share\prims\jni.cpp, line 535]
Event: 3.314 Thread 0x0000022717aec930 Exception <a 'java/net/ConnectException'{0x00000000c7fafcd8}: Connection refused: no further information> (0x00000000c7fafcd8) 
thrown [s\src\hotspot\share\prims\jni.cpp, line 535]
Event: 3.314 Thread 0x0000022717aec930 Exception <a 'java/net/SocketException'{0x00000000c7fb0010}: Socket is not connected: shutdown> (0x00000000c7fb0010) 
thrown [s\src\hotspot\share\prims\jni.cpp, line 535]
Event: 3.350 Thread 0x000002277cc0cff0 Exception <a 'java/lang/NoSuchMethodError'{0x00000000c7eb04a8}: 'java.lang.Object java.lang.invoke.DirectMethodHandle$Holder.newInvokeSpecial(java.lang.Object, java.lang.Object, int, int)'> (0x00000000c7eb04a8) 
thrown [s\src\hotspot\share\interpreter\linkResolver.cpp, line 759]
Event: 3.351 Thread 0x000002277cc0cff0 Exception <a 'java/lang/NoSuchMethodError'{0x00000000c7ebb040}: 'void java.lang.invoke.DirectMethodHandle$Holder.invokeStatic(java.lang.Object, java.lang.Object, int)'> (0x00000000c7ebb040) 
thrown [s\src\hotspot\share\interpreter\linkResolver.cpp, line 759]
Event: 3.378 Thread 0x000002277cc0cff0 Exception <a 'java/lang/NoSuchMethodError'{0x00000000c7da6550}: 'java.lang.Object java.lang.invoke.DirectMethodHandle$Holder.newInvokeSpecial(java.lang.Object, java.lang.Object, java.lang.Object, java.lang.Object, java.lang.Object)'> (0x00000000c7da6550) 
thrown [s\src\hotspot\share\interpreter\linkResolver.cpp, line 759]
Event: 3.451 Thread 0x000002277cc0cff0 Exception <a 'java/lang/NoSuchMethodError'{0x00000000c7bde798}: 'void java.lang.invoke.DirectMethodHandle$Holder.invokeSpecial(java.lang.Object, java.lang.Object, java.lang.Object)'> (0x00000000c7bde798) 
thrown [s\src\hotspot\share\interpreter\linkResolver.cpp, line 759]
Event: 3.506 Thread 0x0000022717ba27e0 Exception <a 'java/lang/NoSuchMethodError'{0x00000000c7867db0}: 'java.lang.Object java.lang.invoke.DirectMethodHandle$Holder.invokeSpecial(java.lang.Object, java.lang.Object, java.lang.Object, java.lang.Object, int)'> (0x00000000c7867db0) 
thrown [s\src\hotspot\share\interpreter\linkResolver.cpp, line 759]
Event: 3.506 Thread 0x0000022717ba27e0 Exception <a 'java/lang/NoSuchMethodError'{0x00000000c786b978}: 'java.lang.Object java.lang.invoke.Invokers$Holder.linkToTargetMethod(java.lang.Object, java.lang.Object, int, java.lang.Object)'> (0x00000000c786b978) 
thrown [s\src\hotspot\share\interpreter\linkResolver.cpp, line 759]
Event: 3.547 Thread 0x0000022717ba27e0 Exception <a 'java/lang/NoSuchMethodError'{0x00000000c77b8968}: 'void java.lang.invoke.DirectMethodHandle$Holder.invokeSpecial(java.lang.Object, java.lang.Object, java.lang.Object, java.lang.Object, java.lang.Object)'> (0x00000000c77b8968) 
thrown [s\src\hotspot\share\interpreter\linkResolver.cpp, line 759]
Event: 25.396 Thread 0x0000022717ba27e0 Exception <a 'java/lang/NoSuchMethodError'{0x00000000c75484a0}: 'void java.lang.invoke.DirectMethodHandle$Holder.invokeSpecial(java.lang.Object, java.lang.Object, java.lang.Object, java.lang.Object, java.lang.Object, java.lang.Object, java.lang.Object)'> (0x00000000c75484a0) 
thrown [s\src\hotspot\share\interpreter\linkResolver.cpp, line 759]
Event: 25.623 Thread 0x000002277cc0cff0 Exception <a 'java/lang/NoSuchMethodError'{0x00000000c74cbf40}: 'java.lang.Object java.lang.invoke.DirectMethodHandle$Holder.invokeSpecialIFC(java.lang.Object, java.lang.Object, java.lang.Object)'> (0x00000000c74cbf40) 
thrown [s\src\hotspot\share\interpreter\linkResolver.cpp, line 759]
Event: 25.845 Thread 0x000002277cc0cff0 Exception <a 'java/lang/NoSuchMethodError'{0x00000000c723bfe8}: 'void java.lang.invoke.DirectMethodHandle$Holder.invokeInterface(java.lang.Object, java.lang.Object)'> (0x00000000c723bfe8) 
thrown [s\src\hotspot\share\interpreter\linkResolver.cpp, line 759]
Event: 25.846 Thread 0x000002277cc0cff0 Exception <a 'java/lang/IncompatibleClassChangeError'{0x00000000c723f2d0}: Found class java.lang.Object, but interface was expected> (0x00000000c723f2d0) 
thrown [s\src\hotspot\share\interpreter\linkResolver.cpp, line 826]
Event: 25.914 Thread 0x000002277cc0cff0 Exception <a 'java/lang/NoSuchMethodError'{0x00000000c7129480}: 'java.lang.Object java.lang.invoke.Invokers$Holder.invokeExact_MT(java.lang.Object, java.lang.Object, java.lang.Object, java.lang.Object, java.lang.Object, java.lang.Object)'> (0x00000000c7129480) 
thrown [s\src\hotspot\share\interpreter\linkResolver.cpp, line 759]
Event: 25.921 Thread 0x000002277cc0cff0 Exception <a 'java/lang/NoSuchMethodError'{0x00000000c7131df8}: 'void java.lang.invoke.DirectMethodHandle$Holder.invokeInterface(java.lang.Object, java.lang.Object, java.lang.Object)'> (0x00000000c7131df8) 
thrown [s\src\hotspot\share\interpreter\linkResolver.cpp, line 759]
Event: 25.931 Thread 0x000002277cc0cff0 Exception <a 'java/lang/ClassNotFoundException'{0x00000000c7147ef8}: sun/misc/SharedSecrets> (0x00000000c7147ef8) 
thrown [s\src\hotspot\share\classfile\systemDictionary.cpp, line 256]

VM Operations (20 events):
Event: 0.732 Executing VM operation: HandshakeAllThreads
Event: 0.732 Executing VM operation: HandshakeAllThreads done
Event: 0.740 Executing VM operation: HandshakeAllThreads
Event: 0.740 Executing VM operation: HandshakeAllThreads done
Event: 1.746 Executing VM operation: Cleanup
Event: 1.746 Executing VM operation: Cleanup done
Event: 2.580 Executing VM operation: HandshakeAllThreads
Event: 2.580 Executing VM operation: HandshakeAllThreads done
Event: 2.636 Executing VM operation: HandshakeAllThreads
Event: 2.636 Executing VM operation: HandshakeAllThreads done
Event: 3.000 Executing VM operation: HandshakeAllThreads
Event: 3.000 Executing VM operation: HandshakeAllThreads done
Event: 3.000 Executing VM operation: Cleanup
Event: 3.000 Executing VM operation: Cleanup done
Event: 3.185 Executing VM operation: G1CollectForAllocation
Event: 3.199 Executing VM operation: G1CollectForAllocation done
Event: 4.200 Executing VM operation: Cleanup
Event: 4.201 Executing VM operation: Cleanup done
Event: 25.218 Executing VM operation: HandshakeAllThreads
Event: 25.223 Executing VM operation: HandshakeAllThreads done

Events (20 events):
Event: 25.920 loading class java/util/stream/SortedOps$AbstractRefSortingSink done
Event: 25.920 loading class java/util/stream/SortedOps$RefSortingSink done
Event: 25.929 loading class java/lang/reflect/InvocationTargetException
Event: 25.930 loading class java/lang/reflect/InvocationTargetException done
Event: 25.931 loading class sun/misc/SharedSecrets
Event: 25.931 loading class sun/misc/SharedSecrets done
Event: 25.931 loading class java/util/TreeMap$EntrySpliterator
Event: 25.933 loading class java/util/TreeMap$EntrySpliterator done
Event: 25.937 loading class java/util/stream/SortedOps$SizedRefSortingSink
Event: 25.937 loading class java/util/stream/SortedOps$SizedRefSortingSink done
Event: 25.960 loading class java/lang/Throwable$WrappedPrintStream
Event: 25.960 loading class java/lang/Throwable$PrintStreamOrWriter
Event: 25.960 loading class java/lang/Throwable$PrintStreamOrWriter done
Event: 25.960 loading class java/lang/Throwable$WrappedPrintStream done
Event: 25.963 loading class java/util/concurrent/ConcurrentHashMap$EntrySpliterator
Event: 25.963 loading class java/util/concurrent/ConcurrentHashMap$EntrySpliterator done
Event: 25.967 loading class java/lang/StackTraceElement$HashedModules
Event: 25.967 loading class java/lang/StackTraceElement$HashedModules done
Event: 25.971 Thread 0x000002277cc0cff0 Thread exited: 0x000002277cc0cff0
Event: 25.972 Thread 0x0000022718981290 Thread added: 0x0000022718981290


Dynamic libraries:
0x00007ff629c60000 - 0x00007ff629c6e000 	C:\Users\HARSHITHA\Downloads\eclipse-jee-2022-12-R-win32-x86_64 (1)\eclipse\plugins\org.eclipse.justj.openjdk.hotspot.jre.full.win32.x86_64_17.0.5.v20221102-0933\jre\bin\javaw.exe
0x00007fffaaa50000 - 0x00007fffaac67000 	C:\WINDOWS\SYSTEM32\ntdll.dll
0x00007fffaa230000 - 0x00007fffaa2f4000 	C:\WINDOWS\System32\KERNEL32.DLL
0x00007fffa80d0000 - 0x00007fffa8476000 	C:\WINDOWS\System32\KERNELBASE.dll
0x00007fffa3ae0000 - 0x00007fffa3b77000 	C:\WINDOWS\SYSTEM32\apphelp.dll
0x00007fffa7ef0000 - 0x00007fffa8001000 	C:\WINDOWS\System32\ucrtbase.dll
0x00007fff8fa90000 - 0x00007fff8faa7000 	C:\Users\HARSHITHA\Downloads\eclipse-jee-2022-12-R-win32-x86_64 (1)\eclipse\plugins\org.eclipse.justj.openjdk.hotspot.jre.full.win32.x86_64_17.0.5.v20221102-0933\jre\bin\jli.dll
0x00007fff92fc0000 - 0x00007fff92fd9000 	C:\Users\HARSHITHA\Downloads\eclipse-jee-2022-12-R-win32-x86_64 (1)\eclipse\plugins\org.eclipse.justj.openjdk.hotspot.jre.full.win32.x86_64_17.0.5.v20221102-0933\jre\bin\VCRUNTIME140.dll
0x00007fffa9b10000 - 0x00007fffa9cbd000 	C:\WINDOWS\System32\USER32.dll
0x00007fffa8590000 - 0x00007fffa85b6000 	C:\WINDOWS\System32\win32u.dll
0x00007fffa7120000 - 0x00007fffa73b3000 	C:\WINDOWS\WinSxS\amd64_microsoft.windows.common-controls_6595b64144ccf1df_6.0.22621.2361_none_2712ced57382f843\COMCTL32.dll
0x00007fffaa9e0000 - 0x00007fffaaa09000 	C:\WINDOWS\System32\GDI32.dll
0x00007fffa7dd0000 - 0x00007fffa7ee8000 	C:\WINDOWS\System32\gdi32full.dll
0x00007fffaa790000 - 0x00007fffaa837000 	C:\WINDOWS\System32\msvcrt.dll
0x00007fffa84f0000 - 0x00007fffa858a000 	C:\WINDOWS\System32\msvcp_win.dll
0x00007fffa9370000 - 0x00007fffa93a1000 	C:\WINDOWS\System32\IMM32.DLL
0x00007fff926c0000 - 0x00007fff926cc000 	C:\Users\HARSHITHA\Downloads\eclipse-jee-2022-12-R-win32-x86_64 (1)\eclipse\plugins\org.eclipse.justj.openjdk.hotspot.jre.full.win32.x86_64_17.0.5.v20221102-0933\jre\bin\vcruntime140_1.dll
0x00007fff64b20000 - 0x00007fff64bb1000 	C:\Users\HARSHITHA\Downloads\eclipse-jee-2022-12-R-win32-x86_64 (1)\eclipse\plugins\org.eclipse.justj.openjdk.hotspot.jre.full.win32.x86_64_17.0.5.v20221102-0933\jre\bin\msvcp140.dll
0x00007ffef1fc0000 - 0x00007ffef2c04000 	C:\Users\HARSHITHA\Downloads\eclipse-jee-2022-12-R-win32-x86_64 (1)\eclipse\plugins\org.eclipse.justj.openjdk.hotspot.jre.full.win32.x86_64_17.0.5.v20221102-0933\jre\bin\server\jvm.dll
0x00007fffaa840000 - 0x00007fffaa8f0000 	C:\WINDOWS\System32\ADVAPI32.dll
0x00007fffa96b0000 - 0x00007fffa9756000 	C:\WINDOWS\System32\sechost.dll
0x00007fffa9030000 - 0x00007fffa9147000 	C:\WINDOWS\System32\RPCRT4.dll
0x00007fffa0c00000 - 0x00007fffa0c34000 	C:\WINDOWS\SYSTEM32\WINMM.dll
0x00007fff824d0000 - 0x00007fff824d9000 	C:\WINDOWS\SYSTEM32\WSOCK32.dll
0x00007fffaa960000 - 0x00007fffaa9d1000 	C:\WINDOWS\System32\WS2_32.dll
0x00007fffa62e0000 - 0x00007fffa62ea000 	C:\WINDOWS\SYSTEM32\VERSION.dll
0x00007fffa5ef0000 - 0x00007fffa5f08000 	C:\WINDOWS\SYSTEM32\kernel.appcore.dll
0x00007fff92630000 - 0x00007fff9263a000 	C:\Users\HARSHITHA\Downloads\eclipse-jee-2022-12-R-win32-x86_64 (1)\eclipse\plugins\org.eclipse.justj.openjdk.hotspot.jre.full.win32.x86_64_17.0.5.v20221102-0933\jre\bin\jimage.dll
0x00007fffa76d0000 - 0x00007fffa78fe000 	C:\WINDOWS\SYSTEM32\DBGHELP.DLL
0x00007fffa9780000 - 0x00007fffa9b0a000 	C:\WINDOWS\System32\combase.dll
0x00007fffa9df0000 - 0x00007fffa9ec7000 	C:\WINDOWS\System32\OLEAUT32.dll
0x00007fffa7590000 - 0x00007fffa75c2000 	C:\WINDOWS\SYSTEM32\dbgcore.DLL
0x00007fffa8730000 - 0x00007fffa87aa000 	C:\WINDOWS\System32\bcryptPrimitives.dll
0x00007fff87cc0000 - 0x00007fff87ce5000 	C:\Users\HARSHITHA\Downloads\eclipse-jee-2022-12-R-win32-x86_64 (1)\eclipse\plugins\org.eclipse.justj.openjdk.hotspot.jre.full.win32.x86_64_17.0.5.v20221102-0933\jre\bin\java.dll
0x00007fff849c0000 - 0x00007fff849d8000 	C:\Users\HARSHITHA\Downloads\eclipse-jee-2022-12-R-win32-x86_64 (1)\eclipse\plugins\org.eclipse.justj.openjdk.hotspot.jre.full.win32.x86_64_17.0.5.v20221102-0933\jre\bin\zip.dll
0x00007fffa87b0000 - 0x00007fffa9008000 	C:\WINDOWS\System32\SHELL32.dll
0x00007fffa51b0000 - 0x00007fffa5aa2000 	C:\WINDOWS\SYSTEM32\windows.storage.dll
0x00007fffa65b0000 - 0x00007fffa66ee000 	C:\WINDOWS\SYSTEM32\wintypes.dll
0x00007fffa9150000 - 0x00007fffa9243000 	C:\WINDOWS\System32\SHCORE.dll
0x00007fffa9270000 - 0x00007fffa92ce000 	C:\WINDOWS\System32\shlwapi.dll
0x00007fffa7d00000 - 0x00007fffa7d26000 	C:\WINDOWS\SYSTEM32\profapi.dll
0x00007fffa0ae0000 - 0x00007fffa0af0000 	C:\Users\HARSHITHA\Downloads\eclipse-jee-2022-12-R-win32-x86_64 (1)\eclipse\plugins\org.eclipse.justj.openjdk.hotspot.jre.full.win32.x86_64_17.0.5.v20221102-0933\jre\bin\verify.dll
0x00007fff83470000 - 0x00007fff83489000 	C:\Users\HARSHITHA\Downloads\eclipse-jee-2022-12-R-win32-x86_64 (1)\eclipse\plugins\org.eclipse.justj.openjdk.hotspot.jre.full.win32.x86_64_17.0.5.v20221102-0933\jre\bin\net.dll
0x00007fffa11b0000 - 0x00007fffa12e7000 	C:\WINDOWS\SYSTEM32\WINHTTP.dll
0x00007fffa62f0000 - 0x00007fffa6359000 	C:\WINDOWS\system32\mswsock.dll
0x00007fff83280000 - 0x00007fff83295000 	C:\Users\HARSHITHA\Downloads\eclipse-jee-2022-12-R-win32-x86_64 (1)\eclipse\plugins\org.eclipse.justj.openjdk.hotspot.jre.full.win32.x86_64_17.0.5.v20221102-0933\jre\bin\nio.dll
0x00007fffa6970000 - 0x00007fffa6a69000 	C:\WINDOWS\SYSTEM32\DNSAPI.dll
0x00007fffa6940000 - 0x00007fffa696d000 	C:\WINDOWS\SYSTEM32\IPHLPAPI.DLL
0x00007fffa9360000 - 0x00007fffa9369000 	C:\WINDOWS\System32\NSI.dll
0x00007fff9b950000 - 0x00007fff9b95a000 	C:\Windows\System32\rasadhlp.dll
0x00007fff9ba20000 - 0x00007fff9baa4000 	C:\WINDOWS\System32\fwpuclnt.dll
0x00007fffa79f0000 - 0x00007fffa7a0b000 	C:\WINDOWS\SYSTEM32\CRYPTSP.dll
0x00007fffa5e50000 - 0x00007fffa5e85000 	C:\WINDOWS\system32\rsaenh.dll
0x00007fffa6dd0000 - 0x00007fffa6dfc000 	C:\WINDOWS\SYSTEM32\USERENV.dll
0x00007fffa75d0000 - 0x00007fffa75f8000 	C:\WINDOWS\SYSTEM32\bcrypt.dll
0x00007fffa6e40000 - 0x00007fffa6e4c000 	C:\WINDOWS\SYSTEM32\CRYPTBASE.dll
0x00007fffa0f10000 - 0x00007fffa0f29000 	C:\WINDOWS\SYSTEM32\dhcpcsvc6.DLL
0x00007fffa0af0000 - 0x00007fffa0b0f000 	C:\WINDOWS\SYSTEM32\dhcpcsvc.DLL
0x00007fff88310000 - 0x00007fff8831e000 	C:\Users\HARSHITHA\Downloads\eclipse-jee-2022-12-R-win32-x86_64 (1)\eclipse\plugins\org.eclipse.justj.openjdk.hotspot.jre.full.win32.x86_64_17.0.5.v20221102-0933\jre\bin\sunmscapi.dll
0x00007fffa85c0000 - 0x00007fffa8726000 	C:\WINDOWS\System32\CRYPT32.dll
0x00007fffa6ff0000 - 0x00007fffa701d000 	C:\WINDOWS\SYSTEM32\ncrypt.dll
0x00007fffa6fb0000 - 0x00007fffa6fe7000 	C:\WINDOWS\SYSTEM32\NTASN1.dll
0x00007fff1d600000 - 0x00007fff1d608000 	C:\WINDOWS\system32\wshunix.dll

dbghelp: loaded successfully - version: 4.0.5 - missing functions: none
symbol engine: initialized successfully - sym options: 0x614 - pdb path: .;C:\Users\HARSHITHA\Downloads\eclipse-jee-2022-12-R-win32-x86_64 (1)\eclipse\plugins\org.eclipse.justj.openjdk.hotspot.jre.full.win32.x86_64_17.0.5.v20221102-0933\jre\bin;C:\WINDOWS\SYSTEM32;C:\WINDOWS\WinSxS\amd64_microsoft.windows.common-controls_6595b64144ccf1df_6.0.22621.2361_none_2712ced57382f843;C:\Users\HARSHITHA\Downloads\eclipse-jee-2022-12-R-win32-x86_64 (1)\eclipse\plugins\org.eclipse.justj.openjdk.hotspot.jre.full.win32.x86_64_17.0.5.v20221102-0933\jre\bin\server

VM Arguments:
jvm_args: -Dfile.encoding=UTF-8 -XX:+ShowCodeDetailsInExceptionMessages 
java_command: com.harshi.seleniumtest.amazon.AmazonLinkVerificationTest
java_class_path (initial): C:\eclips\phase1-selenium-test\target\classes;C:\Users\HARSHITHA\.m2\repository\org\seleniumhq\selenium\selenium-api\4.16.1\selenium-api-4.16.1.jar;C:\Users\HARSHITHA\.m2\repository\org\seleniumhq\selenium\selenium-chrome-driver\4.16.1\selenium-chrome-driver-4.16.1.jar;C:\Users\HARSHITHA\.m2\repository\org\seleniumhq\selenium\selenium-java\4.16.1\selenium-java-4.16.1.jar;C:\Users\HARSHITHA\.m2\repository\com\google\auto\service\auto-service-annotations\1.1.1\auto-service-annotations-1.1.1.jar;C:\Users\HARSHITHA\.m2\repository\org\seleniumhq\selenium\selenium-chromium-driver\4.16.1\selenium-chromium-driver-4.16.1.jar;C:\Users\HARSHITHA\.m2\repository\org\seleniumhq\selenium\selenium-json\4.16.1\selenium-json-4.16.1.jar;C:\Users\HARSHITHA\.m2\repository\org\seleniumhq\selenium\selenium-manager\4.16.1\selenium-manager-4.16.1.jar;C:\Users\HARSHITHA\.m2\repository\org\seleniumhq\selenium\selenium-devtools-v118\4.16.1\selenium-devtools-v118-4.16.1.jar;C:\Users\HARSHITHA\.m2\repository\org\seleniumhq\selenium\selenium-devtools-v119\4.16.1\selenium-devtools-v119-4.16.1.jar;C:\Users\HARSHITHA\.m2\repository\org\seleniumhq\selenium\selenium-devtools-v120\4.16.1\selenium-devtools-v120-4.16.1.jar;C:\Users\HARSHITHA\.m2\repository\org\seleniumhq\selenium\selenium-devtools-v85\4.16.1\selenium-devtools-v85-4.16.1.jar;C:\Users\HARSHITHA\.m2\repository\org\seleniumhq\selenium\selenium-edge-driver\4.16.1\selenium-edge-driver-4.16.1.jar;C:\Users\HARSHITHA\.m2\repository\org\seleniumhq\selenium\selenium-firefox-driver\4.16.1\selenium-firefox-driver-4.16.1.jar;C:\Users\HARSHITHA\.m2\repository\org\seleniumhq\selenium\selenium-http\4.16.1\selenium-http-4.16.1.jar;C:\Users\HARSHITHA\.m2\repository\dev\failsafe\failsafe\3.3.2\failsafe-3.3.2.jar;C:\Users\HARSHITHA\.m2\repository\org\seleniumhq\selenium\selenium-ie-driver\4.16.1\selenium-ie-driver-4.16.1.jar;C:\Users\HARSHITHA\.m2\repository\org\seleniumhq\selenium\selenium-remote-driver\4.16.1\selenium-remote-dr
Launcher Type: SUN_STANDARD

[Global flags]
     intx CICompilerCount                          = 4                                         {product} {ergonomic}
     uint ConcGCThreads                            = 2                                         {product} {ergonomic}
     uint G1ConcRefinementThreads                  = 8                                         {product} {ergonomic}
   size_t G1HeapRegionSize                         = 1048576                                   {product} {ergonomic}
    uintx GCDrainStackTargetSize                   = 64                                        {product} {ergonomic}
   size_t InitialHeapSize                          = 62914560                                  {product} {ergonomic}
   size_t MarkStackSize                            = 4194304                                   {product} {ergonomic}
   size_t MaxHeapSize                              = 1002438656                                {product} {ergonomic}
   size_t MaxNewSize                               = 600834048                                 {product} {ergonomic}
   size_t MinHeapDeltaBytes                        = 1048576                                   {product} {ergonomic}
   size_t MinHeapSize                              = 8388608                                   {product} {ergonomic}
    uintx NonNMethodCodeHeapSize                   = 5839372                                {pd product} {ergonomic}
    uintx NonProfiledCodeHeapSize                  = 122909434                              {pd product} {ergonomic}
    uintx ProfiledCodeHeapSize                     = 122909434                              {pd product} {ergonomic}
    uintx ReservedCodeCacheSize                    = 251658240                              {pd product} {ergonomic}
     bool SegmentedCodeCache                       = true                                      {product} {ergonomic}
     bool ShowCodeDetailsInExceptionMessages       = true                                   {manageable} {command line}
   size_t SoftMaxHeapSize                          = 1002438656                             {manageable} {ergonomic}
     bool UseCompressedClassPointers               = true                           {product lp64_product} {ergonomic}
     bool UseCompressedOops                        = true                           {product lp64_product} {ergonomic}
     bool UseG1GC                                  = true                                      {product} {ergonomic}
     bool UseLargePagesIndividualAllocation        = false                                  {pd product} {ergonomic}

Logging:
Log output configuration:
 #0: stdout all=warning uptime,level,tags
 #1: stderr all=off uptime,level,tags

Environment Variables:
PATH=C:/Users/HARSHITHA/Desktop/eclipse//plugins/org.eclipse.justj.openjdk.hotspot.jre.full.win32.x86_64_17.0.5.v20221102-0933/jre/bin/server;C:/Users/HARSHITHA/Desktop/eclipse//plugins/org.eclipse.justj.openjdk.hotspot.jre.full.win32.x86_64_17.0.5.v20221102-0933/jre/bin;C:\Anaconda;C:\Anaconda\Scripts;C:\Program Files (x86)\Common Files\Oracle\Java\javapath;C:\oraclexe\app\oracle\product\10.2.0\server\bin;C:\WINDOWS\system32;C:\WINDOWS;C:\WINDOWS\System32\Wbem;C:\WINDOWS\System32\WindowsPowerShell\v1.0\;C:\WINDOWS\System32\OpenSSH\;C:\Program Files\dotnet\;C:\Program Files\Git\cmd;C:\Program Files\MySQL\MySQL Shell 8.0\bin\;C:\Users\HARSHITHA\AppData\Local\Microsoft\WindowsApps;C:\Users\HARSHITHA\AppData\Local\Programs\Microsoft VS Code\bin;C:\Users\HARSHITHA\Desktop\eclipse;
USERNAME=HARSHITHA
OS=Windows_NT
PROCESSOR_IDENTIFIER=Intel64 Family 6 Model 140 Stepping 1, GenuineIntel
TMP=C:\Users\HARSHITHA\AppData\Local\Temp
TEMP=C:\Users\HARSHITHA\AppData\Local\Temp



---------------  S Y S T E M  ---------------

OS:
 Windows 11 , 64 bit Build 22621 (10.0.22621.2428)
OS uptime: 0 days 19:33 hours

CPU: total 8 (initial active 8) (4 cores per cpu, 2 threads per core) family 6 model 140 stepping 1 microcode 0xac, cx8, cmov, fxsr, ht, mmx, 3dnowpref, sse, sse2, sse3, ssse3, sse4.1, sse4.2, popcnt, lzcnt, tsc, tscinvbit, avx, avx2, aes, erms, clmul, bmi1, bmi2, adx, avx512f, avx512dq, avx512cd, avx512bw, avx512vl, sha, fma, vzeroupper, avx512_vpopcntdq, avx512_vpclmulqdq, avx512_vaes, avx512_vnni, clflush, clflushopt, clwb, avx512_vbmi2, avx512_vbmi

Memory: 4k page, system-wide physical 3818M (26M free)
TotalPageFile size 15594M (AvailPageFile size 4M)
current process WorkingSet (physical memory assigned to process): 53M, peak: 93M
current process commit charge ("private bytes"): 164M, peak: 165M

vm_info: OpenJDK 64-Bit Server VM (17.0.5+8) for windows-amd64 JRE (17.0.5+8), built on Oct 19 2022 04:48:13 by "temurin" with MS VC++ 16.7 (VS2019)

END.
